<?xml version="1.0" encoding="UTF-8"?>
<testsuite xmlns:xsi="http://www.w3.org/2001/XMLSchema-instance" xsi:noNamespaceSchemaLocation="https://maven.apache.org/surefire/maven-surefire-plugin/xsd/surefire-test-report-3.0.xsd" version="3.0" name="com.gqs.simples.RunCucumberTest" time="0.986" tests="3" errors="0" skipped="0" failures="0">
  <properties>
[...]
</properties>
  <testcase name="Aprovar o primeiro pagamento" classname="Bloqueio de pagamento duplicado" time="0.308">
    <system-out><![CDATA[
Cenário: Aprovar o primeiro pagamento   &amp#27;[90m# features/pagamento_duplicado.feature:6&amp#27;[0m
  &amp#27;[32mDado &amp#27;[0m&amp#27;[32mque o pedido ainda não foi pago&amp#27;[0m  &amp#27;[90m# com.gqs.simples.steps.PagamentoSteps.que_o_pedido_ainda_nao_foi_pago()&amp#27;[0m
  &amp#27;[32mQuando &amp#27;[0m&amp#27;[32mo cliente confirma o pagamento&amp#27;[0m &amp#27;[90m# com.gqs.simples.steps.PagamentoSteps.o_cliente_confirma_o_pagamento()&amp#27;[0m
  &amp#27;[32mEntão &amp#27;[0m&amp#27;[32mo pagamento deve ser aprovado&amp#27;[0m   &amp#27;[90m# com.gqs.simples.steps.PagamentoSteps.o_pagamento_deve_ser_aprovado()&amp#27;[0m
]]></system-out>
  </testcase>
  <testcase name="Bloquear uma segunda tentativa de pagamento" classname="Bloqueio de pagamento duplicado" time="0.076">
    <system-out><![CDATA[
Cenário: Bloquear uma segunda tentativa de pagamento &amp#27;[90m# features/pagamento_duplicado.feature:11&amp#27;[0m
  &amp#27;[32mDado &amp#27;[0m&amp#27;[32mque o pedido já foi pago&amp#27;[0m                      &amp#27;[90m# com.gqs.simples.steps.PagamentoSteps.que_o_pedido_ja_foi_pago()&amp#27;[0m
  &amp#27;[32mQuando &amp#27;[0m&amp#27;[32mo cliente confirma o pagamento novamente&amp#27;[0m    &amp#27;[90m# com.gqs.simples.steps.PagamentoSteps.o_cliente_confirma_o_pagamento_novamente()&amp#27;[0m
  &amp#27;[32mEntão &amp#27;[0m&amp#27;[32mo pagamento deve ser rejeitado&amp#27;[0m               &amp#27;[90m# com.gqs.simples.steps.PagamentoSteps.o_pagamento_deve_ser_rejeitado()&amp#27;[0m
]]></system-out>
  </testcase>
  <testcase name="Bloquear pagamentos que chegam ao mesmo tempo" classname="Bloqueio de pagamento duplicado" time="0.093">
    <system-out><![CDATA[
Cenário: Bloquear pagamentos que chegam ao mesmo tempo      &amp#27;[90m# features/pagamento_duplicado.feature:16&amp#27;[0m
  &amp#27;[32mDado &amp#27;[0m&amp#27;[32mque o pedido ainda não foi pago&amp#27;[0m                      &amp#27;[90m# com.gqs.simples.steps.PagamentoSteps.que_o_pedido_ainda_nao_foi_pago()&amp#27;[0m
  &amp#27;[32mQuando &amp#27;[0m&amp#27;[32mduas tentativas de pagamento chegam ao mesmo tempo&amp#27;[0m &amp#27;[90m# com.gqs.simples.steps.PagamentoSteps.duas_tentativas_de_pagamento_chegam_ao_mesmo_tempo()&amp#27;[0m
  &amp#27;[32mEntão &amp#27;[0m&amp#27;[32mapenas uma delas deve ser aprovada&amp#27;[0m                  &amp#27;[90m# com.gqs.simples.steps.PagamentoSteps.apenas_uma_delas_deve_ser_aprovada()&amp#27;[0m
]]></system-out>
  </testcase>
</testsuite>